nohup: ignoring input
t=2026-07-22T16:28:54+0000 lvl=info msg="no configuration paths supplied"
t=2026-07-22T16:28:54+0000 lvl=warn msg="ngrok config file found at legacy location, move to XDG location" xdg_path=/data/data/com.termux/files/home/.config/ngrok/ngrok.yml legacy_path=/data/data/com.termux/files/home/.ngrok2/ngrok.yml err="stat /data/data/com.termux/files/home/.config/ngrok/ngrok.yml: no such file or directory"
t=2026-07-22T16:28:54+0000 lvl=info msg="using configuration at default config path" path=/data/data/com.termux/files/home/.ngrok2/ngrok.yml
t=2026-07-22T16:28:54+0000 lvl=info msg="open config file" path=/data/data/com.termux/files/home/.ngrok2/ngrok.yml err=nil
t=2026-07-22T16:28:54+0000 lvl=info msg="FIPS 140 mode" enabled=false
t=2026-07-22T16:28:54+0000 lvl=eror msg="unable to check interfaces" obj=tunnels.session err="route ip+net: netlinkrib: permission denied"
t=2026-07-22T16:28:54+0000 lvl=info msg="starting web service" obj=web addr=127.0.0.1:4040 allow_hosts=[]
t=2026-07-22T16:28:54+0000 lvl=eror msg="failed to reconnect session" obj=tunnels.session err="failed to dial ngrok server with address \"connect.ngrok-agent.com:443\": dial tcp: lookup connect.ngrok-agent.com on [::1]:53: read udp [::1]:36366->[::1]:53: read: connection refused"
t=2026-07-22T16:28:54+0000 lvl=warn msg="failed to check for update" obj=updater err="Post \"https://update.ngrok-agent.com/check\": dial tcp: lookup update.ngrok-agent.com on [::1]:53: read udp [::1]:51947->[::1]:53: read: connection refused"
t=2026-07-22T16:28:54+0000 lvl=eror msg="failed to reconnect session" obj=tunnels.session err="failed to dial ngrok server with address \"connect.ngrok-agent.com:443\": dial tcp: lookup connect.ngrok-agent.com on [::1]:53: read udp [::1]:34520->[::1]:53: read: connection refused"
t=2026-07-22T16:28:55+0000 lvl=eror msg="failed to reconnect session" obj=tunnels.session err="failed to dial ngrok server with address \"connect.ngrok-agent.com:443\": dial tcp: lookup connect.ngrok-agent.com on [::1]:53: read udp [::1]:52386->[::1]:53: read: connection refused"
t=2026-07-22T16:28:57+0000 lvl=eror msg="failed to reconnect session" obj=tunnels.session err="failed to dial ngrok server with address \"connect.ngrok-agent.com:443\": dial tcp: lookup connect.ngrok-agent.com on [::1]:53: read udp [::1]:50582->[::1]:53: read: connection refused"
t=2026-07-22T16:29:01+0000 lvl=eror msg="failed to reconnect session" obj=tunnels.session err="failed to dial ngrok server with address \"connect.ngrok-agent.com:443\": dial tcp: lookup connect.ngrok-agent.com on [::1]:53: read udp [::1]:39377->[::1]:53: read: connection refused"
t=2026-07-22T16:29:09+0000 lvl=eror msg="failed to reconnect session" obj=tunnels.session err="failed to dial ngrok server with address \"connect.ngrok-agent.com:443\": dial tcp: lookup connect.ngrok-agent.com on [::1]:53: read udp [::1]:56998->[::1]:53: read: connection refused"
t=2026-07-22T16:29:25+0000 lvl=eror msg="failed to reconnect session" obj=tunnels.session err="failed to dial ngrok server with address \"connect.ngrok-agent.com:443\": dial tcp: lookup connect.ngrok-agent.com on [::1]:53: read udp [::1]:41345->[::1]:53: read: connection refused"
t=2026-07-22T16:29:55+0000 lvl=eror msg="failed to reconnect session" obj=tunnels.session err="failed to dial ngrok server with address \"connect.ngrok-agent.com:443\": dial tcp: lookup connect.ngrok-agent.com on [::1]:53: read udp [::1]:56232->[::1]:53: read: connection refused"
t=2026-07-22T16:30:25+0000 lvl=eror msg="failed to reconnect session" obj=tunnels.session err="failed to dial ngrok server with address \"connect.ngrok-agent.com:443\": dial tcp: lookup connect.ngrok-agent.com on [::1]:53: read udp [::1]:35575->[::1]:53: read: connection refused"
t=2026-07-22T16:30:55+0000 lvl=eror msg="failed to reconnect session" obj=tunnels.session err="failed to dial ngrok server with address \"connect.ngrok-agent.com:443\": dial tcp: lookup connect.ngrok-agent.com on [::1]:53: read udp [::1]:53657->[::1]:53: read: connection refused"
t=2026-07-22T16:31:25+0000 lvl=eror msg="failed to reconnect session" obj=tunnels.session err="failed to dial ngrok server with address \"connect.ngrok-agent.com:443\": dial tcp: lookup connect.ngrok-agent.com on [::1]:53: read udp [::1]:59928->[::1]:53: read: connection refused"
t=2026-07-22T16:31:55+0000 lvl=eror msg="failed to reconnect session" obj=tunnels.session err="failed to dial ngrok server with address \"connect.ngrok-agent.com:443\": dial tcp: lookup connect.ngrok-agent.com on [::1]:53: read udp [::1]:41042->[::1]:53: read: connection refused"
t=2026-07-22T16:32:26+0000 lvl=eror msg="failed to reconnect session" obj=tunnels.session err="failed to dial ngrok server with address \"connect.ngrok-agent.com:443\": dial tcp: lookup connect.ngrok-agent.com on [::1]:53: read udp [::1]:55069->[::1]:53: read: connection refused"
t=2026-07-22T16:32:56+0000 lvl=eror msg="failed to reconnect session" obj=tunnels.session err="failed to dial ngrok server with address \"connect.ngrok-agent.com:443\": dial tcp: lookup connect.ngrok-agent.com on [::1]:53: read udp [::1]:41070->[::1]:53: read: connection refused"
t=2026-07-22T16:33:26+0000 lvl=eror msg="failed to reconnect session" obj=tunnels.session err="failed to dial ngrok server with address \"connect.ngrok-agent.com:443\": dial tcp: lookup connect.ngrok-agent.com on [::1]:53: read udp [::1]:43773->[::1]:53: read: connection refused"
t=2026-07-22T16:33:56+0000 lvl=eror msg="failed to reconnect session" obj=tunnels.session err="failed to dial ngrok server with address \"connect.ngrok-agent.com:443\": dial tcp: lookup connect.ngrok-agent.com on [::1]:53: read udp [::1]:54869->[::1]:53: read: connection refused"
t=2026-07-22T16:34:26+0000 lvl=eror msg="failed to reconnect session" obj=tunnels.session err="failed to dial ngrok server with address \"connect.ngrok-agent.com:443\": dial tcp: lookup connect.ngrok-agent.com on [::1]:53: read udp [::1]:38009->[::1]:53: read: connection refused"
t=2026-07-22T16:34:56+0000 lvl=eror msg="failed to reconnect session" obj=tunnels.session err="failed to dial ngrok server with address \"connect.ngrok-agent.com:443\": dial tcp: lookup connect.ngrok-agent.com on [::1]:53: read udp [::1]:40426->[::1]:53: read: connection refused"
t=2026-07-22T16:35:26+0000 lvl=eror msg="failed to reconnect session" obj=tunnels.session err="failed to dial ngrok server with address \"connect.ngrok-agent.com:443\": dial tcp: lookup connect.ngrok-agent.com on [::1]:53: read udp [::1]:38161->[::1]:53: read: connection refused"
t=2026-07-22T16:35:56+0000 lvl=eror msg="failed to reconnect session" obj=tunnels.session err="failed to dial ngrok server with address \"connect.ngrok-agent.com:443\": dial tcp: lookup connect.ngrok-agent.com on [::1]:53: read udp [::1]:33209->[::1]:53: read: connection refused"
t=2026-07-22T16:36:26+0000 lvl=eror msg="failed to reconnect session" obj=tunnels.session err="failed to dial ngrok server with address \"connect.ngrok-agent.com:443\": dial tcp: lookup connect.ngrok-agent.com on [::1]:53: read udp [::1]:37886->[::1]:53: read: connection refused"
t=2026-07-22T16:36:56+0000 lvl=eror msg="failed to reconnect session" obj=tunnels.session err="failed to dial ngrok server with address \"connect.ngrok-agent.com:443\": dial tcp: lookup connect.ngrok-agent.com on [::1]:53: read udp [::1]:40211->[::1]:53: read: connection refused"
t=2026-07-22T16:37:26+0000 lvl=eror msg="failed to reconnect session" obj=tunnels.session err="failed to dial ngrok server with address \"connect.ngrok-agent.com:443\": dial tcp: lookup connect.ngrok-agent.com on [::1]:53: read udp [::1]:34824->[::1]:53: read: connection refused"
t=2026-07-22T16:37:56+0000 lvl=eror msg="failed to reconnect session" obj=tunnels.session err="failed to dial ngrok server with address \"connect.ngrok-agent.com:443\": dial tcp: lookup connect.ngrok-agent.com on [::1]:53: read udp [::1]:47879->[::1]:53: read: connection refused"
t=2026-07-22T16:38:26+0000 lvl=eror msg="failed to reconnect session" obj=tunnels.session err="failed to dial ngrok server with address \"connect.ngrok-agent.com:443\": dial tcp: lookup connect.ngrok-agent.com on [::1]:53: read udp [::1]:38952->[::1]:53: read: connection refused"
t=2026-07-22T16:38:56+0000 lvl=eror msg="failed to reconnect session" obj=tunnels.session err="failed to dial ngrok server with address \"connect.ngrok-agent.com:443\": dial tcp: lookup connect.ngrok-agent.com on [::1]:53: read udp [::1]:49384->[::1]:53: read: connection refused"
t=2026-07-22T16:39:26+0000 lvl=eror msg="failed to reconnect session" obj=tunnels.session err="failed to dial ngrok server with address \"connect.ngrok-agent.com:443\": dial tcp: lookup connect.ngrok-agent.com on [::1]:53: read udp [::1]:60055->[::1]:53: read: connection refused"
t=2026-07-22T16:39:56+0000 lvl=eror msg="failed to reconnect session" obj=tunnels.session err="failed to dial ngrok server with address \"connect.ngrok-agent.com:443\": dial tcp: lookup connect.ngrok-agent.com on [::1]:53: read udp [::1]:50344->[::1]:53: read: connection refused"
t=2026-07-22T16:40:26+0000 lvl=eror msg="failed to reconnect session" obj=tunnels.session err="failed to dial ngrok server with address \"connect.ngrok-agent.com:443\": dial tcp: lookup connect.ngrok-agent.com on [::1]:53: read udp [::1]:44307->[::1]:53: read: connection refused"
t=2026-07-22T16:40:56+0000 lvl=eror msg="failed to reconnect session" obj=tunnels.session err="failed to dial ngrok server with address \"connect.ngrok-agent.com:443\": dial tcp: lookup connect.ngrok-agent.com on [::1]:53: read udp [::1]:58283->[::1]:53: read: connection refused"
t=2026-07-22T16:41:26+0000 lvl=eror msg="failed to reconnect session" obj=tunnels.session err="failed to dial ngrok server with address \"connect.ngrok-agent.com:443\": dial tcp: lookup connect.ngrok-agent.com on [::1]:53: read udp [::1]:43092->[::1]:53: read: connection refused"
t=2026-07-22T16:41:56+0000 lvl=eror msg="failed to reconnect session" obj=tunnels.session err="failed to dial ngrok server with address \"connect.ngrok-agent.com:443\": dial tcp: lookup connect.ngrok-agent.com on [::1]:53: read udp [::1]:44043->[::1]:53: read: connection refused"
t=2026-07-22T16:42:26+0000 lvl=eror msg="failed to reconnect session" obj=tunnels.session err="failed to dial ngrok server with address \"connect.ngrok-agent.com:443\": dial tcp: lookup connect.ngrok-agent.com on [::1]:53: read udp [::1]:53337->[::1]:53: read: connection refused"
t=2026-07-22T16:42:56+0000 lvl=eror msg="failed to reconnect session" obj=tunnels.session err="failed to dial ngrok server with address \"connect.ngrok-agent.com:443\": dial tcp: lookup connect.ngrok-agent.com on [::1]:53: read udp [::1]:36825->[::1]:53: read: connection refused"
t=2026-07-22T16:43:26+0000 lvl=eror msg="failed to reconnect session" obj=tunnels.session err="failed to dial ngrok server with address \"connect.ngrok-agent.com:443\": dial tcp: lookup connect.ngrok-agent.com on [::1]:53: read udp [::1]:56296->[::1]:53: read: connection refused"
t=2026-07-22T16:43:56+0000 lvl=eror msg="failed to reconnect session" obj=tunnels.session err="failed to dial ngrok server with address \"connect.ngrok-agent.com:443\": dial tcp: lookup connect.ngrok-agent.com on [::1]:53: read udp [::1]:35122->[::1]:53: read: connection refused"
t=2026-07-22T16:44:26+0000 lvl=eror msg="failed to reconnect session" obj=tunnels.session err="failed to dial ngrok server with address \"connect.ngrok-agent.com:443\": dial tcp: lookup connect.ngrok-agent.com on [::1]:53: read udp [::1]:48523->[::1]:53: read: connection refused"
t=2026-07-22T16:44:56+0000 lvl=eror msg="failed to reconnect session" obj=tunnels.session err="failed to dial ngrok server with address \"connect.ngrok-agent.com:443\": dial tcp: lookup connect.ngrok-agent.com on [::1]:53: read udp [::1]:43537->[::1]:53: read: connection refused"
t=2026-07-22T16:45:26+0000 lvl=eror msg="failed to reconnect session" obj=tunnels.session err="failed to dial ngrok server with address \"connect.ngrok-agent.com:443\": dial tcp: lookup connect.ngrok-agent.com on [::1]:53: read udp [::1]:42465->[::1]:53: read: connection refused"
t=2026-07-22T16:45:56+0000 lvl=eror msg="failed to reconnect session" obj=tunnels.session err="failed to dial ngrok server with address \"connect.ngrok-agent.com:443\": dial tcp: lookup connect.ngrok-agent.com on [::1]:53: read udp [::1]:36688->[::1]:53: read: connection refused"
t=2026-07-22T16:46:26+0000 lvl=eror msg="failed to reconnect session" obj=tunnels.session err="failed to dial ngrok server with address \"connect.ngrok-agent.com:443\": dial tcp: lookup connect.ngrok-agent.com on [::1]:53: read udp [::1]:33981->[::1]:53: read: connection refused"
